Copyright 1986-2017 Xilinx, Inc. All Rights Reserved.
-------------------------------------------------------------------------------------------------------------------------------------------------
| Tool Version     : Vivado v.2017.4 (win64) Build 2086221 Fri Dec 15 20:55:39 MST 2017
| Date             : Thu Sep  1 10:27:43 2022
| Host             : LAPTOP-VJ22D1I9 running 64-bit major release  (build 9200)
| Command          : report_power -file top_layer_power_routed.rpt -pb top_layer_power_summary_routed.pb -rpx top_layer_power_routed.rpx
| Design           : top_layer
| Device           : xc7a100tcsg324-1
| Design State     : routed
| Grade            : commercial
| Process          : typical
| Characterization : Production
-------------------------------------------------------------------------------------------------------------------------------------------------

Power Report

Table of Contents
-----------------
1. Summary
1.1 On-Chip Components
1.2 Power Supply Summary
1.3 Confidence Level
2. Settings
2.1 Environment
2.2 Clock Constraints
3. Detailed Reports
3.1 By Hierarchy

1. Summary
----------

+--------------------------+----------------------------------+
| Total On-Chip Power (W)  | 19.730 (Junction temp exceeded!) |
| Design Power Budget (W)  | Unspecified*                     |
| Power Budget Margin (W)  | NA                               |
| Dynamic (W)              | 19.117                           |
| Device Static (W)        | 0.613                            |
| Effective TJA (C/W)      | 4.6                              |
| Max Ambient (C)          | 0.0                              |
| Junction Temperature (C) | 115.0                            |
| Confidence Level         | Low                              |
| Setting File             | ---                              |
| Simulation Activity File | ---                              |
| Design Nets Matched      | NA                               |
+--------------------------+----------------------------------+
* Specify Design Power Budget using, set_operating_conditions -design_power_budget <value in Watts>


1.1 On-Chip Components
----------------------

+----------------+-----------+----------+-----------+-----------------+
| On-Chip        | Power (W) | Used     | Available | Utilization (%) |
+----------------+-----------+----------+-----------+-----------------+
| Slice Logic    |     7.801 |     3882 |       --- |             --- |
|   LUT as Logic |     7.240 |     2694 |     63400 |            4.25 |
|   CARRY4       |     0.266 |      194 |     15850 |            1.22 |
|   F7/F8 Muxes  |     0.177 |      296 |     63400 |            0.47 |
|   Register     |     0.065 |      310 |    126800 |            0.24 |
|   BUFG         |     0.052 |        2 |        32 |            6.25 |
|   Others       |     0.000 |       41 |       --- |             --- |
| Signals        |     7.206 |     3139 |       --- |             --- |
| Block RAM      |     3.168 |       10 |       135 |            7.41 |
| DSPs           |     0.533 |        2 |       240 |            0.83 |
| I/O            |     0.409 |       44 |       210 |           20.95 |
| Static Power   |     0.613 |          |           |                 |
| Total          |    19.730 |          |           |                 |
+----------------+-----------+----------+-----------+-----------------+


1.2 Power Supply Summary
------------------------

+-----------+-------------+-----------+-------------+------------+
| Source    | Voltage (V) | Total (A) | Dynamic (A) | Static (A) |
+-----------+-------------+-----------+-------------+------------+
| Vccint    |       1.000 |    18.932 |      18.514 |      0.418 |
| Vccaux    |       1.800 |     0.084 |       0.012 |      0.072 |
| Vcco33    |       3.300 |     0.095 |       0.091 |      0.004 |
| Vcco25    |       2.500 |     0.000 |       0.000 |      0.000 |
| Vcco18    |       1.800 |     0.000 |       0.000 |      0.000 |
| Vcco15    |       1.500 |     0.000 |       0.000 |      0.000 |
| Vcco135   |       1.350 |     0.000 |       0.000 |      0.000 |
| Vcco12    |       1.200 |     0.000 |       0.000 |      0.000 |
| Vccaux_io |       1.800 |     0.000 |       0.000 |      0.000 |
| Vccbram   |       1.000 |     0.297 |       0.282 |      0.015 |
| MGTAVcc   |       1.000 |     0.000 |       0.000 |      0.000 |
| MGTAVtt   |       1.200 |     0.000 |       0.000 |      0.000 |
| Vccadc    |       1.800 |     0.020 |       0.000 |      0.020 |
+-----------+-------------+-----------+-------------+------------+


1.3 Confidence Level
--------------------

+-----------------------------+------------+--------------------------------------------------------+--------------------------------------------------------------------------------------------------------------------+
| User Input Data             | Confidence | Details                                                | Action                                                                                                             |
+-----------------------------+------------+--------------------------------------------------------+--------------------------------------------------------------------------------------------------------------------+
| Design implementation state | High       | Design is routed                                       |                                                                                                                    |
| Clock nodes activity        | Low        | User specified less than 75% of clocks                 | Provide missing clock activity with a constraint file, simulation results or by editing the "By Clock Domain" view |
| I/O nodes activity          | Low        | More than 75% of inputs are missing user specification | Provide missing input activity with simulation results or by editing the "By Resource Type -> I/Os" view           |
| Internal nodes activity     | Medium     | User specified less than 25% of internal nodes         | Provide missing internal nodes activity with simulation results or by editing the "By Resource Type" views         |
| Device models               | High       | Device models are Production                           |                                                                                                                    |
|                             |            |                                                        |                                                                                                                    |
| Overall confidence level    | Low        |                                                        |                                                                                                                    |
+-----------------------------+------------+--------------------------------------------------------+--------------------------------------------------------------------------------------------------------------------+


2. Settings
-----------

2.1 Environment
---------------

+-----------------------+--------------------------+
| Ambient Temp (C)      | 25.0                     |
| ThetaJA (C/W)         | 4.6                      |
| Airflow (LFM)         | 250                      |
| Heat Sink             | medium (Medium Profile)  |
| ThetaSA (C/W)         | 4.6                      |
| Board Selection       | medium (10"x10")         |
| # of Board Layers     | 12to15 (12 to 15 Layers) |
| Board Temperature (C) | 25.0                     |
+-----------------------+--------------------------+


2.2 Clock Constraints
---------------------

+-------+--------+-----------------+
| Clock | Domain | Constraint (ns) |
+-------+--------+-----------------+


3. Detailed Reports
-------------------

3.1 By Hierarchy
----------------

+------------------------------------------------+-----------+
| Name                                           | Power (W) |
+------------------------------------------------+-----------+
| top_layer                                      |    19.117 |
|   M0                                           |     0.024 |
|   M1_shang                                     |     0.180 |
|   M1_sw0                                       |     0.214 |
|   M1_sw1                                       |     0.203 |
|   M1_xia                                       |     0.166 |
|   M1_you                                       |     0.169 |
|   M1_zhong                                     |     0.171 |
|   M1_zuo                                       |     0.167 |
|   M2                                           |     6.208 |
|   M3                                           |     4.513 |
|     image_rom_m1                               |     3.549 |
|       U0                                       |     3.549 |
|         inst_blk_mem_gen                       |     3.549 |
|           gnbram.gnativebmg.native_blk_mem_gen |     3.549 |
|             valid.cstr                         |     3.549 |
|               has_mux_a.A                      |     0.156 |
|               ramloop[0].ram.r                 |     0.839 |
|                 prim_init.ram                  |     0.839 |
|               ramloop[1].ram.r                 |     0.267 |
|                 prim_init.ram                  |     0.267 |
|               ramloop[2].ram.r                 |     0.055 |
|                 prim_init.ram                  |     0.055 |
|               ramloop[3].ram.r                 |     0.817 |
|                 prim_init.ram                  |     0.817 |
|               ramloop[4].ram.r                 |     0.269 |
|                 prim_init.ram                  |     0.269 |
|               ramloop[5].ram.r                 |     0.030 |
|                 prim_init.ram                  |     0.030 |
|               ramloop[6].ram.r                 |     0.817 |
|                 prim_init.ram                  |     0.817 |
|               ramloop[7].ram.r                 |     0.260 |
|                 prim_init.ram                  |     0.260 |
|   M4                                           |     6.012 |
+------------------------------------------------+-----------+


